A51 MACRO ASSEMBLER  Q2                                                                   08/22/2015 12:27:46 PAGE     1


MACRO ASSEMBLER A51 V8.02c
OBJECT MODULE PLACED IN .\Objects\Q2.obj
ASSEMBLER INVOKED BY: C:\Keil_v5\C51\BIN\A51.EXE Q2.ASM SET(SMALL) DEBUG PRINT(.\Listings\Q2.lst) OBJECT(.\Objects\Q2.ob
                      j) EP

LOC  OBJ            LINE     SOURCE

0000                   1     ORG 00H
0000                   2             MAIN:
0000 755501            3     MOV 55H,#1
0003 755602            4     MOV 56H,#2      
0006 755703            5     MOV 57H,#3      
0009 755804            6     MOV 58H,#4      
                       7     
000C 755007            8     MOV 50H,#7      
000F 755107            9     MOV 51H,#7      
0012 755207           10     MOV 52H,#7      
0015 755307           11     MOV 53H,#7      
0018 12001D           12             LCALL matMult
                      13     
                      14     
001B 80FE             15             FIN: SJMP FIN
                      16             
001D                  17             matMult:
                      18             ;--------------------
001D A850             19             MOV R0,50H
001F A955             20             MOV R1,55H
0021 AA51             21             MOV R2,51H
0023 AB57             22             MOV R3,57H
0025 E8               23             MOV A,R0
0026 89F0             24             MOV B,R1
0028 A4               25             MUL AB
                      26             
0029 FC               27             MOV R4,A
                      28             
002A EA               29             MOV A,R2
002B 8BF0             30             MOV B,R3
002D A4               31             MUL AB  
002E 2C               32             ADD A,R4
002F F560             33             MOV 60H,A
                      34             
                      35             ;-----------------------
                      36     
                      37             ;--------------------
0031 A850             38             MOV R0,50H
0033 A956             39             MOV R1,56H
0035 AA51             40             MOV R2,51H
0037 AB58             41             MOV R3,58H
0039 E8               42             MOV A,R0
003A 89F0             43             MOV B,R1
003C A4               44             MUL AB
                      45             
003D FC               46             MOV R4,A
                      47             
003E EA               48             MOV A,R2
003F 8BF0             49             MOV B,R3
0041 A4               50             MUL AB  
0042 2C               51             ADD A,R4
0043 F561             52             MOV 61H,A
                      53             
                      54             ;-----------------------
                      55             
                      56             ;--------------------
0045 A852             57             MOV R0,52H
A51 MACRO ASSEMBLER  Q2                                                                   08/22/2015 12:27:46 PAGE     2

0047 A955             58             MOV R1,55H
0049 AA53             59             MOV R2,53H
004B AB57             60             MOV R3,57H
004D E8               61             MOV A,R0
004E 89F0             62             MOV B,R1
0050 A4               63             MUL AB
                      64             
0051 FC               65             MOV R4,A
                      66             
0052 EA               67             MOV A,R2
0053 8BF0             68             MOV B,R3
0055 A4               69             MUL AB  
0056 2C               70             ADD A,R4
0057 F562             71             MOV 62H,A
                      72             
                      73             ;-----------------------        
                      74             ;--------------------
0059 A852             75             MOV R0,52H
005B A956             76             MOV R1,56H
005D AA53             77             MOV R2,53H
005F AB58             78             MOV R3,58H
0061 E8               79             MOV A,R0
0062 89F0             80             MOV B,R1
0064 A4               81             MUL AB
                      82             
0065 FC               83             MOV R4,A
                      84             
0066 EA               85             MOV A,R2
0067 8BF0             86             MOV B,R3
0069 A4               87             MUL AB  
006A 2C               88             ADD A,R4
006B F563             89             MOV 63H,A
                      90             
                      91             ;-----------------------
                      92     
006D 22               93             RET
                      94             
                      95             END
A51 MACRO ASSEMBLER  Q2                                                                   08/22/2015 12:27:46 PAGE     3

SYMBOL TABLE LISTING
------ ----- -------


N A M E             T Y P E  V A L U E   ATTRIBUTES

B. . . . . . . . .  D ADDR   00F0H   A   
FIN. . . . . . . .  C ADDR   001BH   A   
MAIN . . . . . . .  C ADDR   0000H   A   
MATMULT. . . . . .  C ADDR   001DH   A   


REGISTER BANK(S) USED: 0 


ASSEMBLY COMPLETE.  0 WARNING(S), 0 ERROR(S)
