C51 COMPILER V9.54   1                                                                     09/25/2015 20:54:36 PAGE 1   


C51 COMPILER V9.54, COMPILATION OF MODULE 1
OBJECT MODULE PLACED IN .\Objects\1.obj
COMPILER INVOKED BY: C:\Keil_v5\C51\BIN\C51.EXE 1.c OPTIMIZE(8,SPEED) BROWSE DEBUG OBJECTEXTEND PRINT(.\Listings\1.lst) 
                    -TABS(2) OBJECT(.\Objects\1.obj)

line level    source

   1          /**
   2           SPI HOMEWORK2 , LABWORK2 (SAME PROGRAM)
   3           */
   4          
   5          /* @section  I N C L U D E S */
   6          #include "at89c5131.h"
   7          #include "stdio.h"
   8          #define LCD_data  P2                // LCD Data port
   9          
  10          void GLCD_WriteData(char dat);
  11          void LCD_CmdWrite(char cmd);
  12          void sdelay(int delay);
  13          void clear();
  14          void LCD_Ready();
  15          
  16          sbit rst = P3^2;
  17          sbit CS1 = P3^1;                  // Chip Select for the ADC
  18          sbit CS2 = P3^0;                  // Chip Select for the ADC
  19          sbit LCD_rs = P0^0;                 // LCD Register Select
  20          sbit LCD_rw = P0^1;                 // LCD Read/Write
  21          sbit LCD_en = P0^2;                 // LCD Enable
  22          sbit LCD_busy = P2^7;               // LCD Busy Flag
  23           
  24          void main(void)
  25          {
  26   1        //P3 = 0xEF;                      // Make Port 3 output 
  27   1        //P2 = 0x00;                      // Make Port 2 output 
  28   1        //P1 = 0x00;                      // Make P1 Pin4-7 output
  29   1        P0 |= 0x01;                     // Make Port 0 Pins 0,1,2 output
  30   1        P0 &= 0xEF;
  31   1        P3 |= 0x01;                     // Make Port 0 Pins 0,1,2 output
  32   1        P3 &= 0xEF;
  33   1        //P3 = 0x
  34   1        sdelay(100);
  35   1        rst=0;
  36   1        clear();
  37   1        sdelay(100);
  38   1        LCD_CmdWrite(0x3f);     // Initializing GLCD
  39   1        LCD_CmdWrite(0xb8);
  40   1        LCD_CmdWrite(0x44);
  41   1        GLCD_WriteData(0x0f);
  42   1        
  43   1        while(1)                        // endless 
  44   1        { sdelay(100);
  45   2          LCD_CmdWrite(0x3f);     // Initializing GLCD
  46   2        LCD_CmdWrite(0xb8);
  47   2        LCD_CmdWrite(0x44);
  48   2        GLCD_WriteData(0x0f);
  49   2        }
  50   1      }
  51          void clear(){
  52   1        LCD_rs=0;               // Select the Command Register by pulling LCD_rs LOW
  53   1        LCD_rw=0;               // Select the Write Operation  by pulling RW LOW
  54   1        CS1=CS2=0;
C51 COMPILER V9.54   1                                                                     09/25/2015 20:54:36 PAGE 2   

  55   1        LCD_en=0; 
  56   1      }
  57          void LCD_CmdWrite(char cmd)
  58          { clear();
  59   1        LCD_Ready();
  60   1        LCD_data=cmd;           // Send the command to LCD
  61   1        LCD_rs=0;               // Select the Command Register by pulling LCD_rs LOW
  62   1        LCD_rw=0;               // Select the Write Operation  by pulling RW LOW
  63   1        CS1=CS2=1;
  64   1        LCD_en=1;               // Send a High-to-Low Pusle at Enable Pin
  65   1        sdelay(5);
  66   1        LCD_en=0;
  67   1        sdelay(5);
  68   1      }
  69          
  70          /**
  71           * FUNCTION_PURPOSE: Write Command to LCD
  72           * FUNCTION_INPUTS: dat- data to be written
  73           * FUNCTION_OUTPUTS: none
  74           */
  75          void GLCD_WriteData( char dat)
  76          { clear();
  77   1        LCD_Ready();
  78   1        LCD_data=dat;           // Send the data to LCD
  79   1        LCD_rs=1;               // Select the Data Register by pulling LCD_rs HIGH
  80   1        LCD_rw=0;               // Select the Write Operation by pulling RW LOW
  81   1        LCD_en=1;               // Send a High-to-Low Pusle at Enable Pin
  82   1        CS1=1;
  83   1        CS2=0;
  84   1        sdelay(5);
  85   1        LCD_en=0;
  86   1        sdelay(5);
  87   1      }
  88          void LCD_Ready()
  89          {
  90   1        LCD_data = 0xFF;
  91   1        LCD_rs = 0;
  92   1        LCD_rw = 1;
  93   1        LCD_en = 0;
  94   1        sdelay(5);
  95   1        LCD_en = 1;
  96   1        while(LCD_busy == 1)
  97   1        {
  98   2          LCD_en = 0;
  99   2          LCD_en = 1;
 100   2        }
 101   1        LCD_en = 0;
 102   1      }
 103          
 104          void sdelay(int delay)
 105          {
 106   1        char d=0;
 107   1        while(delay>0)
 108   1        {
 109   2          for(d=0;d<200;d++);
 110   2          delay--;
 111   2        }
 112   1      }


MODULE INFORMATION:   STATIC OVERLAYABLE
   CODE SIZE        =    228    ----
C51 COMPILER V9.54   1                                                                     09/25/2015 20:54:36 PAGE 3   

   CONSTANT SIZE    =   ----    ----
   XDATA SIZE       =   ----    ----
   PDATA SIZE       =   ----    ----
   DATA SIZE        =   ----       2
   IDATA SIZE       =   ----    ----
   BIT SIZE         =   ----    ----
END OF MODULE INFORMATION.


C51 COMPILATION COMPLETE.  0 WARNING(S),  0 ERROR(S)
