C51 COMPILER V9.54   T                                                                     09/26/2015 22:44:50 PAGE 1   


C51 COMPILER V9.54, COMPILATION OF MODULE T
OBJECT MODULE PLACED IN .\Objects\t.obj
COMPILER INVOKED BY: C:\Keil_v5\C51\BIN\C51.exe t.c OPTIMIZE(8,SPEED) BROWSE DEBUG OBJECTEXTEND PRINT(.\Listings\t.lst) 
                    -TABS(2) OBJECT(.\Objects\t.obj)

line level    source

   1          #include<reg51.h>
   2          #include<intrins.h>
   3          #define data1 P1
   4          sbit SDA=P0^0;
   5          sbit SCL=P0^1;
   6          bit ack;
   7          void I2CInit()
   8          {
   9   1        SDA = 1;
  10   1        SCL = 1;
  11   1      }
  12           
  13          void I2CStart()
  14          {
  15   1        SDA = 0;
  16   1        SCL = 0;
  17   1      }
  18           
  19          void I2CRestart()
  20          {
  21   1        SDA = 1;
  22   1        SCL = 1;
  23   1        SDA = 0;
  24   1        SCL = 0;
  25   1      }
  26           
  27          void I2CStop()
  28          {
  29   1        SCL = 0;
  30   1        SDA = 0;
  31   1        SCL = 1;
  32   1        SDA = 1;
  33   1      }
  34           
  35          void I2CAck()
  36          {
  37   1        SDA = 0;
  38   1        SCL = 1;
  39   1        SCL = 0;
  40   1        SDA = 1;
  41   1      }
  42           
  43          void I2CNak()
  44          {
  45   1        SDA = 1;
  46   1        SCL = 1;
  47   1        SCL = 0;
  48   1        SDA = 1;
  49   1      }
  50           
  51          unsigned char I2CSend(unsigned char Data)
  52          {
  53   1         unsigned char i, ack_bit;
  54   1         for (i = 0; i < 8; i++) {
C51 COMPILER V9.54   T                                                                     09/26/2015 22:44:50 PAGE 2   

  55   2          if ((Data & 0x80) == 0)
  56   2            SDA = 0;
  57   2          else
  58   2            SDA = 1;
  59   2          SCL = 1;
  60   2          SCL = 0;
  61   2          Data<<=1;
  62   2         }
  63   1         SDA = 1;
  64   1         SCL = 1;
  65   1         ack_bit = SDA;
  66   1         SCL = 0;
  67   1         return ack_bit;
  68   1      }
  69           
  70          unsigned char I2CRead()
  71          {
  72   1        unsigned char i, Data=0;
  73   1        for (i = 0; i < 8; i++) {
  74   2          SCL = 1;
  75   2          if(SDA)
  76   2            Data |=1;
  77   2          if(i<7)
  78   2            Data<<=1;
  79   2          SCL = 0;
  80   2        }
  81   1        return Data;
  82   1      }
  83          
  84          
  85          void main(){
  86   1        P1=0;
  87   1      
  88   1      /*****************************************
  89   1       * Write to slave device with
  90   1       * slave address e.g. say 0x20
  91   1       *****************************************/
  92   1        /* Init i2c ports first */
  93   1        I2CInit();
  94   1        /* Send start condition */
  95   1        I2CStart();
  96   1        /* Send slave address */
  97   1        ack = I2CSend(0x20);
  98   1        /*
  99   1         * ack == 1 => NAK
 100   1         * ack == 0 => ACK
 101   1         */
 102   1        ack = I2CSend(0x07);
 103   1        /* Send another data */
 104   1        ack = I2CSend(0x10);
 105   1        /* Send stop condition */
 106   1        I2CStop();
 107   1       data1=0x20;
 108   1      /*****************************************
 109   1       * Read from slave device with
 110   1       * slave address e.g. say 0x20
 111   1       *****************************************/
 112   1       while(1){
 113   2        /* Init i2c ports first - Should be done once in main */
 114   2        I2CInit();
 115   2        /* Send start condition */
 116   2        I2CStart();
C51 COMPILER V9.54   T                                                                     09/26/2015 22:44:50 PAGE 3   

 117   2        /*
 118   2         * Send slave address with Read bit set
 119   2         * So address is 0x20 | 1 = 0x21
 120   2         */
 121   2        I2CSend(0x33);
 122   2        data1 = I2CRead();
 123   2         
 124   2        /* Send ack */
 125   2      //  I2CAck();
 126   2      //  /* Read last byte */
 127   2      //  data1 = I2CRead();
 128   2        /*
 129   2         * Send nak for last byte to indicate
 130   2         * End of transmission
 131   2         */
 132   2        I2CNak();
 133   2        /* Send stop condition */
 134   2        I2CStop();
 135   2      }
 136   1      }


MODULE INFORMATION:   STATIC OVERLAYABLE
   CODE SIZE        =    179    ----
   CONSTANT SIZE    =   ----    ----
   XDATA SIZE       =   ----    ----
   PDATA SIZE       =   ----    ----
   DATA SIZE        =   ----    ----
   IDATA SIZE       =   ----    ----
   BIT SIZE         =      1    ----
END OF MODULE INFORMATION.


C51 COMPILATION COMPLETE.  0 WARNING(S),  0 ERROR(S)
