C51 COMPILER V9.54   KCM                                                                   09/26/2015 04:27:08 PAGE 1   


C51 COMPILER V9.54, COMPILATION OF MODULE KCM
OBJECT MODULE PLACED IN .\Objects\kcm.obj
COMPILER INVOKED BY: C:\Keil_v5\C51\BIN\C51.exe kcm.c OPTIMIZE(8,SPEED) BROWSE DEBUG OBJECTEXTEND PRINT(.\Listings\kcm.l
                    -st) TABS(2) OBJECT(.\Objects\kcm.obj)

line level    source

   1          /*Program to display simple text on Graphics LCD*/
   2          
   3          #include<reg51.h>
   4          #include<intrins.h>
   5          #define dport P2
   6          #define k 500  //speed control
   7          
   8          void LCD_CmdWrite(char cmd);
   9          void ctrloff(); 
  10          void setY(unsigned int y);
  11          void setX(unsigned char x);
  12          void writeAtXY(unsigned char x,unsigned char y, char val);
  13          void sdelay(int delay);
  14          void GLCD_WriteData( char dat,int cs);
  15          void clearAll();
  16          
  17          sbit rs=P0^0;
  18          sbit rw=P0^1;
  19          sbit en=P0^2;
  20          sbit cs1=P3^0;
  21          sbit cs2=P3^1;
  22          
  23          void main(){
  24   1        P0 |=0x01;
  25   1        P0 &=0xEF;
  26   1        clearAll();
  27   1        //LCD_CmdWrite(0x3f); 
  28   1        //LCD_CmdWrite(0xbc);
  29   1        //LCD_CmdWrite(0x44);
  30   1        //GLCD_WriteData(0xff);
  31   1        writeAtXY(3,68,0xff);
  32   1        writeAtXY(6,68,0xff);
  33   1        while(1){
  34   2          //write code here
  35   2        } 
  36   1      }
  37          
  38          void clearAll(){
  39   1        int i,j;
  40   1        LCD_CmdWrite(0x3f);
  41   1        for ( i = 0 ; i < 8; i++ ){
  42   2          for(j = 0 ; j < 128; j++ ){
  43   3            writeAtXY(i,j,0x00);
  44   3          }
  45   2        }
  46   1      }
  47          
  48          void writeAtXY(unsigned char x,unsigned char y, char val){
  49   1        int p=y;
  50   1        dport= 0xb8|x;  
  51   1        LCD_CmdWrite(dport);  
  52   1        y=y%64;
  53   1        dport= (0x40 | y );  
  54   1        LCD_CmdWrite(dport);
C51 COMPILER V9.54   KCM                                                                   09/26/2015 04:27:08 PAGE 2   

  55   1        GLCD_WriteData(val,p);
  56   1      }
  57          
  58          //------------------------------------------------------------------------------
  59          //This module set X-axis
  60          // Note: X takes value from 0 to 7
  61          // then set Y-axis accordingly
  62          // Note: Y takes value from 0 to 127
  63          //After this call GLCD_WriteData( char dat,int cs)
  64          
  65          void setX(unsigned char x)  
  66          {
  67   1        dport= 0xb8|x;  
  68   1        LCD_CmdWrite(dport);
  69   1      }
  70          void setY(unsigned int y) 
  71          { 
  72   1        y=y%64;
  73   1        dport= (0x40 | y );  
  74   1        LCD_CmdWrite(dport);
  75   1      }
  76          //-------------------------------------------------------------------------------
  77          
  78          void LCD_CmdWrite(char cmd){
  79   1        unsigned int i;
  80   1        ctrloff();
  81   1        dport=cmd;          
  82   1        rs=0;rw=0;                
  83   1        cs1=cs2=1;
  84   1        en=1;               
  85   1        for ( i = 1 ; i <= 100; i++ ) ;
  86   1        en=0;
  87   1        for ( i = 1 ; i <= 100; i++ ) ;
  88   1      }
  89          
  90          void GLCD_WriteData( char dat,int cs){
  91   1        unsigned int i;
  92   1        ctrloff();
  93   1        dport=dat;          
  94   1        rs=1;rw=0;                
  95   1        en=1;               
  96   1        if(cs<64){
  97   2        cs1=1;cs2=0;
  98   2        }
  99   1        else{
 100   2        cs1=0;cs2=1;
 101   2        }
 102   1        for ( i = 1 ; i <= 100; i++ ) ;
 103   1        en=0;
 104   1        for ( i = 1 ; i <= 100; i++ ) ;
 105   1      }
 106          
 107          void sdelay(int delay){
 108   1        char d=0;
 109   1        while(delay>0){
 110   2          for(d=0;d<200;d++);
 111   2          delay--;
 112   2        }
 113   1      }
 114          
 115          void ctrloff(){
 116   1        rs=0;
C51 COMPILER V9.54   KCM                                                                   09/26/2015 04:27:08 PAGE 3   

 117   1        rw=0;
 118   1        en=0;
 119   1        cs1=0;
 120   1        cs2=0;
 121   1      }


MODULE INFORMATION:   STATIC OVERLAYABLE
   CODE SIZE        =    338    ----
   CONSTANT SIZE    =   ----    ----
   XDATA SIZE       =   ----    ----
   PDATA SIZE       =   ----    ----
   DATA SIZE        =   ----      12
   IDATA SIZE       =   ----    ----
   BIT SIZE         =   ----    ----
END OF MODULE INFORMATION.


C51 COMPILATION COMPLETE.  0 WARNING(S),  0 ERROR(S)
