C51 COMPILER V9.54   MY_GAME                                                               09/26/2015 14:30:27 PAGE 1   


C51 COMPILER V9.54, COMPILATION OF MODULE MY_GAME
OBJECT MODULE PLACED IN .\Objects\my_game.obj
COMPILER INVOKED BY: C:\Keil_v5\C51\BIN\C51.exe my_game.c OPTIMIZE(8,SPEED) BROWSE DEBUG OBJECTEXTEND PRINT(.\Listings\m
                    -y_game.lst) TABS(2) OBJECT(.\Objects\my_game.obj)

line level    source

   1          /*Program to display simple text on Graphics LCD*/
   2          
   3          #include<reg51.h>
   4          #include<intrins.h>
   5          #define LCD_data P2
   6          
   7          void LCD_CmdWrite(char cmd);
   8          void ctrloff(); 
   9          void setY(unsigned int y);
  10          void setX(unsigned char x);
  11          void writeAtXY(unsigned char x,unsigned char y, char val);
  12          void sdelay(int delay);
  13          void GLCD_WriteData( char dat,int cs);
  14          void clearAll();
  15          void makeCar();
  16          void makeEnemy();
  17          void moveForward();
  18          void moveRight();
  19          void moveLeft();
  20            
  21          
  22          sbit rs=P0^0;
  23          sbit rw=P0^1;
  24          sbit en=P0^2;
  25          sbit cs1=P3^0;
  26          sbit cs2=P3^1;
  27          
  28          int cX,cY,eX,eY;
  29          
  30          void main(){
  31   1        //CODE IS WORKING FINE
  32   1        P0 |=0x01;
  33   1        P0 &=0xEF;
  34   1        clearAll();
  35   1        //writeAtXY(3,30,0xff);
  36   1        makeCar();
  37   1        makeEnemy();
  38   1        while(1){
  39   2          //write code here
  40   2          moveRight();
  41   2          sdelay(1000);
  42   2          moveRight();
  43   2          sdelay(500);
  44   2          moveLeft();
  45   2          sdelay(500);
  46   2          moveLeft();
  47   2          sdelay(1000);
  48   2          moveForward();
  49   2          moveForward();
  50   2          moveForward();
  51   2          moveForward();
  52   2        } 
  53   1      }
  54          
C51 COMPILER V9.54   MY_GAME                                                               09/26/2015 14:30:27 PAGE 2   

  55          void makeCar(){
  56   1        int i,j;
  57   1        cX,cY=0;
  58   1        for(i=0;i<4;i++){
  59   2          for(j=0;j<28;j++){
  60   3            writeAtXY(i,j,0xff);
  61   3          }
  62   2        }
  63   1      }
  64          
  65          void makeEnemy(){
  66   1        int i,j;
  67   1        eX=0,eY=100;
  68   1        for(i=0;i<4;i++){
  69   2          for(j=100;j<128;j++){
  70   3            writeAtXY(i,j,0xff);
  71   3          }
  72   2        }
  73   1      }
  74          
  75          void moveForward(){
  76   1        int i;
  77   1        for(i=0;i<4;i++){
  78   2            writeAtXY(i,28+eY,0x00);
  79   2            writeAtXY(i,eY,0xff);
  80   2        }
  81   1        eY--;
  82   1      }
  83          
  84          void moveLeft(){
  85   1        int j;
  86   1        for(j=0;j<28;j++){
  87   2            writeAtXY(cX,j,0xff);
  88   2            writeAtXY(cX+4,j,0x00);
  89   2        }
  90   1        cX--;
  91   1      }
  92          
  93          void moveRight(){
  94   1        int j;
  95   1        for(j=0;j<28;j++){
  96   2            writeAtXY(cX,j,0x00);
  97   2            writeAtXY(cX+4,j,0xff);
  98   2        }
  99   1        cX++;
 100   1      }
 101          void clearAll(){
 102   1        int i,j;
 103   1        LCD_CmdWrite(0x3f);
 104   1        for ( i = 0 ; i < 8; i++ ){
 105   2          for(j = 0 ; j < 128; j++ ){
 106   3            writeAtXY(i,j,0x00);
 107   3          }
 108   2        }
 109   1      }
 110          /**
 111          writeAtXY()
 112          This function takes 3input
 113          1. X value [0,7]
 114          2. Y value [0,127]
 115          3. val which can be 0xff/0x00
 116          4. Effectively this function goes to (x,y) and turn it on/off.
C51 COMPILER V9.54   MY_GAME                                                               09/26/2015 14:30:27 PAGE 3   

 117          */
 118          void writeAtXY(unsigned char x,unsigned char y, char val){
 119   1        int p=y;
 120   1        LCD_data= 0xb8|x; 
 121   1        LCD_CmdWrite(LCD_data); 
 122   1        y=y%64;
 123   1        LCD_data= (0x40 | y );   
 124   1        LCD_CmdWrite(LCD_data);
 125   1        GLCD_WriteData(val,p);
 126   1      }
 127          
 128          //------------------------------------------------------------------------------
 129          //This module set X-axis
 130          // Note: X takes value from 0 to 7
 131          // then set Y-axis accordingly
 132          // Note: Y takes value from 0 to 127
 133          //After this call GLCD_WriteData( char dat,int cs)
 134          
 135          void setX(unsigned char x)  
 136          {
 137   1        LCD_data= 0xb8|x; 
 138   1        LCD_CmdWrite(LCD_data);
 139   1      }
 140          void setY(unsigned int y) 
 141          { 
 142   1        y=y%64;
 143   1        LCD_data= (0x40 | y );   
 144   1        LCD_CmdWrite(LCD_data);
 145   1      }
 146          //--------------------------------------------------------------------------------------------------------
             ---------------
 147          
 148          void LCD_CmdWrite(char cmd){
 149   1        unsigned int i;
 150   1        ctrloff();
 151   1        LCD_data=cmd;           
 152   1        rs=0;rw=0;                
 153   1        cs1=cs2=1;
 154   1        en=1;               
 155   1        sdelay(1);
 156   1        en=0;
 157   1        sdelay(1);
 158   1      }
*** WARNING C280 IN LINE 149 OF my_game.c: 'i': unreferenced local variable
 159          
 160          void GLCD_WriteData( char dat,int cs){
 161   1        unsigned int i;
 162   1        ctrloff();
 163   1        LCD_data=dat;         
 164   1        rs=1;rw=0;                
 165   1        en=1;               
 166   1        if(cs<64){
 167   2        cs1=1;cs2=0;
 168   2        }
 169   1        else{
 170   2        cs1=0;cs2=1;
 171   2        }
 172   1        sdelay(1);
 173   1        en=0;
 174   1        sdelay(1);
 175   1      }
*** WARNING C280 IN LINE 161 OF my_game.c: 'i': unreferenced local variable
C51 COMPILER V9.54   MY_GAME                                                               09/26/2015 14:30:27 PAGE 4   

 176          
 177          void sdelay(int delay){
 178   1        int d=0;
 179   1        while(delay>0){
 180   2          for(d=0;d<100;d++);
 181   2          delay--;
 182   2        }
 183   1      }
 184          
 185          void ctrloff(){
 186   1        rs=0;
 187   1        rw=0;
 188   1        en=0;
 189   1        cs1=0;
 190   1        cs2=0;
 191   1      }


MODULE INFORMATION:   STATIC OVERLAYABLE
   CODE SIZE        =    628    ----
   CONSTANT SIZE    =   ----    ----
   XDATA SIZE       =   ----    ----
   PDATA SIZE       =   ----    ----
   DATA SIZE        =      8      30
   IDATA SIZE       =   ----    ----
   BIT SIZE         =   ----    ----
END OF MODULE INFORMATION.


C51 COMPILATION COMPLETE.  2 WARNING(S),  0 ERROR(S)
